==33682== Memcheck, a memory error detector
==33682== Copyright (C) 2002-2013, and GNU GPL'd, by Julian Seward et al.
==33682== Using Valgrind-3.9.0 and LibVEX; rerun with -h for copyright info
==33682== Command: ./palin
==33682== Parent PID: 31919
==33682== 
==33682== WARNING: Support on MacOS 10.8/10.9 is experimental and mostly broken.
==33682== WARNING: Expect incorrect results, assertions and crashes.
==33682== WARNING: In particular, Memcheck on 32-bit programs will fail to
==33682== WARNING: detect any errors associated with heap-allocated data.
==33682== 
==33682== 
==33682== HEAP SUMMARY:
==33682==     in use at exit: 33,314 bytes in 376 blocks
==33682==   total heap usage: 724 allocs, 348 frees, 1,047,506 bytes allocated
==33682== 
==33682== LEAK SUMMARY:
==33682==    definitely lost: 0 bytes in 0 blocks
==33682==    indirectly lost: 0 bytes in 0 blocks
==33682==      possibly lost: 0 bytes in 0 blocks
==33682==    still reachable: 8,192 bytes in 2 blocks
==33682==         suppressed: 25,122 bytes in 374 blocks
==33682== Rerun with --leak-check=full to see details of leaked memory
==33682== 
==33682== For counts of detected and suppressed errors, rerun with: -v
==33682== ERROR SUMMARY: 0 errors from 0 contexts (suppressed: 130 from 32)
